<?xml version="1.0" encoding="UTF-8"?>
<testng-results ignored="0" total="1" passed="1" failed="0" skipped="0">
  <reporter-output>
  </reporter-output>
  <suite started-at="2024-12-30T17:50:24 IST" name="Default suite" finished-at="2024-12-30T17:50:28 IST" duration-ms="4591">
    <groups>
    </groups>
    <test started-at="2024-12-30T17:50:24 IST" name="Default test" finished-at="2024-12-30T17:50:28 IST" duration-ms="4591">
      <class name="wikipediasteps.HomePageStepWikipedia">
        <test-method signature="homePage()[pri:0, instance:wikipediasteps.HomePageStepWikipedia@229f66ed]" started-at="2024-12-30T17:50:24 IST" name="homePage" finished-at="2024-12-30T17:50:28 IST" duration-ms="4551" status="PASS">
          <reporter-output>
          </reporter-output>
        </test-method> <!-- homePage -->
      </class> <!-- wikipediasteps.HomePageStepWikipedia -->
    </test> <!-- Default test -->
  </suite> <!-- Default suite -->
</testng-results>
